2025-03-17 13:43:56.407 [main] WARN  c.a.n.client.logging.NacosLogging - Load Logback Configuration of Nacos fail, message: Could not initialize Logback Nacos logging from classpath:nacos-logback.xml
2025-03-17 13:43:56.454 [main] WARN  c.a.n.client.logging.NacosLogging - Load Logback Configuration of Nacos fail, message: Could not initialize Logback Nacos logging from classpath:nacos-logback.xml
2025-03-17 13:43:56.634 [main] WARN  c.a.n.client.logging.NacosLogging - Load Logback Configuration of Nacos fail, message: Could not initialize Logback Nacos logging from classpath:nacos-logback.xml
2025-03-17 13:43:56.635 [main] INFO  c.a.nacos.client.utils.ParamUtil - [settings] [req-serv] nacos-server port:8848
2025-03-17 13:43:56.636 [main] INFO  c.a.nacos.client.utils.ParamUtil - [settings] [http-client] connect timeout:1000
2025-03-17 13:43:56.637 [main] INFO  c.a.nacos.client.utils.ParamUtil - PER_TASK_CONFIG_SIZE: 3000.0
2025-03-17 13:43:56.659 [main] INFO  c.a.n.p.a.s.c.ClientAuthPluginManager - [ClientAuthPluginManager] Load ClientAuthService com.alibaba.nacos.client.auth.impl.NacosClientAuthServiceImpl success.
2025-03-17 13:43:56.660 [main] INFO  c.a.n.p.a.s.c.ClientAuthPluginManager - [ClientAuthPluginManager] Load ClientAuthService com.alibaba.nacos.client.auth.ram.RamClientAuthServiceImpl success.
2025-03-17 13:43:56.662 [main] INFO  c.a.n.c.a.r.i.CredentialWatcher - null No credential found
2025-03-17 13:43:56.869 [main] WARN  c.a.n.client.logging.NacosLogging - Load Logback Configuration of Nacos fail, message: Could not initialize Logback Nacos logging from classpath:nacos-logback.xml
2025-03-17 13:43:56.887 [main] INFO  c.a.n.c.c.i.LocalConfigInfoProcessor - LOCAL_SNAPSHOT_PATH:C:\Users\Administrator\nacos\config
2025-03-17 13:43:56.890 [main] INFO  c.alibaba.nacos.common.remote.client - [RpcClientFactory] create a new rpc client of 9f03a5dd-d653-43c2-8c7c-5e7c6e09b34c_config-0
2025-03-17 13:43:56.909 [main] INFO  c.alibaba.nacos.common.remote.client - [9f03a5dd-d653-43c2-8c7c-5e7c6e09b34c_config-0] Register server push request handler:com.alibaba.nacos.client.config.impl.ClientWorker$ConfigRpcTransportClient$$Lambda/0x00000216963f0cf8
2025-03-17 13:43:56.909 [main] INFO  c.alibaba.nacos.common.remote.client - [9f03a5dd-d653-43c2-8c7c-5e7c6e09b34c_config-0] Register server push request handler:com.alibaba.nacos.client.config.impl.ClientWorker$ConfigRpcTransportClient$$Lambda/0x00000216963f1108
2025-03-17 13:43:56.910 [main] INFO  c.alibaba.nacos.common.remote.client - [9f03a5dd-d653-43c2-8c7c-5e7c6e09b34c_config-0] Registry connection listener to current client:com.alibaba.nacos.client.config.impl.ClientWorker$ConfigRpcTransportClient$1
2025-03-17 13:43:56.910 [main] INFO  c.alibaba.nacos.common.remote.client - [9f03a5dd-d653-43c2-8c7c-5e7c6e09b34c_config-0] RpcClient init, ServerListFactory = com.alibaba.nacos.client.config.impl.ClientWorker$ConfigRpcTransportClient$2
2025-03-17 13:43:56.920 [main] INFO  c.alibaba.nacos.common.remote.client - [9f03a5dd-d653-43c2-8c7c-5e7c6e09b34c_config-0] Try to connect to server on start up, server: {serverIp = '8.133.246.113', server main port = 8848}
2025-03-17 13:43:56.952 [main] INFO  c.a.n.c.r.client.grpc.GrpcClient - grpc client connection server:8.133.246.113 ip,serverPort:9848,grpcTslConfig:{"sslProvider":"OPENSSL","enableTls":false,"mutualAuthEnable":false,"trustAll":false}
2025-03-17 13:43:57.709 [main] INFO  c.alibaba.nacos.common.remote.client - [9f03a5dd-d653-43c2-8c7c-5e7c6e09b34c_config-0] Success to connect to server [8.133.246.113:8848] on start up, connectionId = 1742190238698_139.227.195.203_43209
2025-03-17 13:43:57.709 [com.alibaba.nacos.client.remote.worker] INFO  c.alibaba.nacos.common.remote.client - [9f03a5dd-d653-43c2-8c7c-5e7c6e09b34c_config-0] Notify connected event to listeners.
2025-03-17 13:43:57.709 [com.alibaba.nacos.client.remote.worker] INFO  c.a.n.c.config.impl.ClientWorker - [9f03a5dd-d653-43c2-8c7c-5e7c6e09b34c_config-0] Connected,notify listen context...
2025-03-17 13:43:57.710 [main] INFO  c.alibaba.nacos.common.remote.client - [9f03a5dd-d653-43c2-8c7c-5e7c6e09b34c_config-0] Register server push request handler:com.alibaba.nacos.common.remote.client.RpcClient$ConnectResetRequestHandler
2025-03-17 13:43:57.710 [main] INFO  c.alibaba.nacos.common.remote.client - [9f03a5dd-d653-43c2-8c7c-5e7c6e09b34c_config-0] Register server push request handler:com.alibaba.nacos.common.remote.client.RpcClient$$Lambda/0x0000021696533bb0
2025-03-17 13:43:57.743 [main] INFO  c.a.nacos.client.config.impl.Limiter - limitTime:5.0
2025-03-17 13:43:57.776 [main] WARN  c.a.n.client.logging.NacosLogging - Load Logback Configuration of Nacos fail, message: Could not initialize Logback Nacos logging from classpath:nacos-logback.xml
2025-03-17 13:44:03.381 [Thread-7] WARN  c.a.nacos.common.notify.NotifyCenter - [NotifyCenter] Start destroying Publisher
2025-03-17 13:44:03.381 [Thread-1] WARN  c.a.n.c.http.HttpClientBeanHolder - [HttpClientBeanHolder] Start destroying common HttpClient
2025-03-17 13:44:03.381 [Thread-7] WARN  c.a.nacos.common.notify.NotifyCenter - [NotifyCenter] Destruction of the end
2025-03-17 13:44:03.382 [Thread-1] WARN  c.a.n.c.http.HttpClientBeanHolder - [HttpClientBeanHolder] Destruction of the end
2025-03-17 13:48:15.135 [main] WARN  c.a.n.client.logging.NacosLogging - Load Logback Configuration of Nacos fail, message: Could not initialize Logback Nacos logging from classpath:nacos-logback.xml
2025-03-17 13:48:15.183 [main] WARN  c.a.n.client.logging.NacosLogging - Load Logback Configuration of Nacos fail, message: Could not initialize Logback Nacos logging from classpath:nacos-logback.xml
2025-03-17 13:48:15.352 [main] WARN  c.a.n.client.logging.NacosLogging - Load Logback Configuration of Nacos fail, message: Could not initialize Logback Nacos logging from classpath:nacos-logback.xml
2025-03-17 13:48:15.353 [main] INFO  c.a.nacos.client.utils.ParamUtil - [settings] [req-serv] nacos-server port:8848
2025-03-17 13:48:15.354 [main] INFO  c.a.nacos.client.utils.ParamUtil - [settings] [http-client] connect timeout:1000
2025-03-17 13:48:15.354 [main] INFO  c.a.nacos.client.utils.ParamUtil - PER_TASK_CONFIG_SIZE: 3000.0
2025-03-17 13:48:15.386 [main] INFO  c.a.n.p.a.s.c.ClientAuthPluginManager - [ClientAuthPluginManager] Load ClientAuthService com.alibaba.nacos.client.auth.impl.NacosClientAuthServiceImpl success.
2025-03-17 13:48:15.387 [main] INFO  c.a.n.p.a.s.c.ClientAuthPluginManager - [ClientAuthPluginManager] Load ClientAuthService com.alibaba.nacos.client.auth.ram.RamClientAuthServiceImpl success.
2025-03-17 13:48:15.390 [main] INFO  c.a.n.c.a.r.i.CredentialWatcher - null No credential found
2025-03-17 13:48:15.609 [main] WARN  c.a.n.client.logging.NacosLogging - Load Logback Configuration of Nacos fail, message: Could not initialize Logback Nacos logging from classpath:nacos-logback.xml
2025-03-17 13:48:15.628 [main] INFO  c.a.n.c.c.i.LocalConfigInfoProcessor - LOCAL_SNAPSHOT_PATH:C:\Users\Administrator\nacos\config
2025-03-17 13:48:15.632 [main] INFO  c.alibaba.nacos.common.remote.client - [RpcClientFactory] create a new rpc client of 460f0618-8797-4b33-8f8b-021ca80863b7_config-0
2025-03-17 13:48:15.654 [main] INFO  c.alibaba.nacos.common.remote.client - [460f0618-8797-4b33-8f8b-021ca80863b7_config-0] Register server push request handler:com.alibaba.nacos.client.config.impl.ClientWorker$ConfigRpcTransportClient$$Lambda/0x0000017e873f0a68
2025-03-17 13:48:15.654 [main] INFO  c.alibaba.nacos.common.remote.client - [460f0618-8797-4b33-8f8b-021ca80863b7_config-0] Register server push request handler:com.alibaba.nacos.client.config.impl.ClientWorker$ConfigRpcTransportClient$$Lambda/0x0000017e873f0e78
2025-03-17 13:48:15.655 [main] INFO  c.alibaba.nacos.common.remote.client - [460f0618-8797-4b33-8f8b-021ca80863b7_config-0] Registry connection listener to current client:com.alibaba.nacos.client.config.impl.ClientWorker$ConfigRpcTransportClient$1
2025-03-17 13:48:15.655 [main] INFO  c.alibaba.nacos.common.remote.client - [460f0618-8797-4b33-8f8b-021ca80863b7_config-0] RpcClient init, ServerListFactory = com.alibaba.nacos.client.config.impl.ClientWorker$ConfigRpcTransportClient$2
2025-03-17 13:48:15.665 [main] INFO  c.alibaba.nacos.common.remote.client - [460f0618-8797-4b33-8f8b-021ca80863b7_config-0] Try to connect to server on start up, server: {serverIp = '8.133.246.113', server main port = 8848}
2025-03-17 13:48:15.700 [main] INFO  c.a.n.c.r.client.grpc.GrpcClient - grpc client connection server:8.133.246.113 ip,serverPort:9848,grpcTslConfig:{"sslProvider":"OPENSSL","enableTls":false,"mutualAuthEnable":false,"trustAll":false}
2025-03-17 13:48:16.318 [main] INFO  c.alibaba.nacos.common.remote.client - [460f0618-8797-4b33-8f8b-021ca80863b7_config-0] Success to connect to server [8.133.246.113:8848] on start up, connectionId = 1742190497307_139.227.195.203_43698
2025-03-17 13:48:16.320 [com.alibaba.nacos.client.remote.worker] INFO  c.alibaba.nacos.common.remote.client - [460f0618-8797-4b33-8f8b-021ca80863b7_config-0] Notify connected event to listeners.
2025-03-17 13:48:16.321 [com.alibaba.nacos.client.remote.worker] INFO  c.a.n.c.config.impl.ClientWorker - [460f0618-8797-4b33-8f8b-021ca80863b7_config-0] Connected,notify listen context...
2025-03-17 13:48:16.322 [main] INFO  c.alibaba.nacos.common.remote.client - [460f0618-8797-4b33-8f8b-021ca80863b7_config-0] Register server push request handler:com.alibaba.nacos.common.remote.client.RpcClient$ConnectResetRequestHandler
2025-03-17 13:48:16.323 [main] INFO  c.alibaba.nacos.common.remote.client - [460f0618-8797-4b33-8f8b-021ca80863b7_config-0] Register server push request handler:com.alibaba.nacos.common.remote.client.RpcClient$$Lambda/0x0000017e875439b0
2025-03-17 13:48:16.358 [main] INFO  c.a.nacos.client.config.impl.Limiter - limitTime:5.0
2025-03-17 13:48:16.392 [main] WARN  c.a.n.client.logging.NacosLogging - Load Logback Configuration of Nacos fail, message: Could not initialize Logback Nacos logging from classpath:nacos-logback.xml
2025-03-17 13:50:22.099 [Thread-7] WARN  c.a.nacos.common.notify.NotifyCenter - [NotifyCenter] Start destroying Publisher
2025-03-17 13:50:22.099 [Thread-1] WARN  c.a.n.c.http.HttpClientBeanHolder - [HttpClientBeanHolder] Start destroying common HttpClient
2025-03-17 13:50:22.099 [Thread-7] WARN  c.a.nacos.common.notify.NotifyCenter - [NotifyCenter] Destruction of the end
2025-03-17 13:50:22.099 [Thread-1] WARN  c.a.n.c.http.HttpClientBeanHolder - [HttpClientBeanHolder] Destruction of the end
14:02:44.748 [main] WARN  c.a.n.client.logging.NacosLogging - Load Logback Configuration of Nacos fail, message: Could not initialize Logback Nacos logging from classpath:nacos-logback.xml
14:02:44.794 [main] WARN  c.a.n.client.logging.NacosLogging - Load Logback Configuration of Nacos fail, message: Could not initialize Logback Nacos logging from classpath:nacos-logback.xml
14:02:44.968 [main] WARN  c.a.n.client.logging.NacosLogging - Load Logback Configuration of Nacos fail, message: Could not initialize Logback Nacos logging from classpath:nacos-logback.xml
14:02:44.969 [main] INFO  c.a.nacos.client.utils.ParamUtil - [settings] [req-serv] nacos-server port:8848
14:02:44.970 [main] INFO  c.a.nacos.client.utils.ParamUtil - [settings] [http-client] connect timeout:1000
14:02:44.970 [main] INFO  c.a.nacos.client.utils.ParamUtil - PER_TASK_CONFIG_SIZE: 3000.0
14:02:44.995 [main] INFO  c.a.n.p.a.s.c.ClientAuthPluginManager - [ClientAuthPluginManager] Load ClientAuthService com.alibaba.nacos.client.auth.impl.NacosClientAuthServiceImpl success.
14:02:44.995 [main] INFO  c.a.n.p.a.s.c.ClientAuthPluginManager - [ClientAuthPluginManager] Load ClientAuthService com.alibaba.nacos.client.auth.ram.RamClientAuthServiceImpl success.
14:02:44.998 [main] INFO  c.a.n.c.a.r.i.CredentialWatcher - null No credential found
14:02:45.200 [main] WARN  c.a.n.client.logging.NacosLogging - Load Logback Configuration of Nacos fail, message: Could not initialize Logback Nacos logging from classpath:nacos-logback.xml
14:02:45.212 [main] INFO  c.a.n.c.c.i.LocalConfigInfoProcessor - LOCAL_SNAPSHOT_PATH:C:\Users\Administrator\nacos\config
14:02:45.215 [main] INFO  c.alibaba.nacos.common.remote.client - [RpcClientFactory] create a new rpc client of 82931d52-d5f5-466e-b11b-dc4e1d55cbf1_config-0
14:02:45.231 [main] INFO  c.alibaba.nacos.common.remote.client - [82931d52-d5f5-466e-b11b-dc4e1d55cbf1_config-0] Register server push request handler:com.alibaba.nacos.client.config.impl.ClientWorker$ConfigRpcTransportClient$$Lambda/0x00000238813ee090
14:02:45.231 [main] INFO  c.alibaba.nacos.common.remote.client - [82931d52-d5f5-466e-b11b-dc4e1d55cbf1_config-0] Register server push request handler:com.alibaba.nacos.client.config.impl.ClientWorker$ConfigRpcTransportClient$$Lambda/0x00000238813ee4a0
14:02:45.232 [main] INFO  c.alibaba.nacos.common.remote.client - [82931d52-d5f5-466e-b11b-dc4e1d55cbf1_config-0] Registry connection listener to current client:com.alibaba.nacos.client.config.impl.ClientWorker$ConfigRpcTransportClient$1
14:02:45.232 [main] INFO  c.alibaba.nacos.common.remote.client - [82931d52-d5f5-466e-b11b-dc4e1d55cbf1_config-0] RpcClient init, ServerListFactory = com.alibaba.nacos.client.config.impl.ClientWorker$ConfigRpcTransportClient$2
14:02:45.244 [main] INFO  c.alibaba.nacos.common.remote.client - [82931d52-d5f5-466e-b11b-dc4e1d55cbf1_config-0] Try to connect to server on start up, server: {serverIp = '8.133.246.113', server main port = 8848}
14:02:45.283 [main] INFO  c.a.n.c.r.client.grpc.GrpcClient - grpc client connection server:8.133.246.113 ip,serverPort:9848,grpcTslConfig:{"sslProvider":"OPENSSL","enableTls":false,"mutualAuthEnable":false,"trustAll":false}
14:02:45.885 [main] INFO  c.alibaba.nacos.common.remote.client - [82931d52-d5f5-466e-b11b-dc4e1d55cbf1_config-0] Success to connect to server [8.133.246.113:8848] on start up, connectionId = 1742191366885_139.227.195.203_43821
14:02:45.887 [com.alibaba.nacos.client.remote.worker] INFO  c.alibaba.nacos.common.remote.client - [82931d52-d5f5-466e-b11b-dc4e1d55cbf1_config-0] Notify connected event to listeners.
14:02:45.888 [com.alibaba.nacos.client.remote.worker] INFO  c.a.n.c.config.impl.ClientWorker - [82931d52-d5f5-466e-b11b-dc4e1d55cbf1_config-0] Connected,notify listen context...
14:02:45.888 [main] INFO  c.alibaba.nacos.common.remote.client - [82931d52-d5f5-466e-b11b-dc4e1d55cbf1_config-0] Register server push request handler:com.alibaba.nacos.common.remote.client.RpcClient$ConnectResetRequestHandler
14:02:45.889 [main] INFO  c.alibaba.nacos.common.remote.client - [82931d52-d5f5-466e-b11b-dc4e1d55cbf1_config-0] Register server push request handler:com.alibaba.nacos.common.remote.client.RpcClient$$Lambda/0x0000023881530650
14:02:45.923 [main] INFO  c.a.nacos.client.config.impl.Limiter - limitTime:5.0
14:02:45.956 [main] WARN  c.a.n.client.logging.NacosLogging - Load Logback Configuration of Nacos fail, message: Could not initialize Logback Nacos logging from classpath:nacos-logback.xml
14:02:50.883 [Thread-7] WARN  c.a.nacos.common.notify.NotifyCenter - [NotifyCenter] Start destroying Publisher
14:02:50.883 [Thread-1] WARN  c.a.n.c.http.HttpClientBeanHolder - [HttpClientBeanHolder] Start destroying common HttpClient
14:02:50.883 [Thread-7] WARN  c.a.nacos.common.notify.NotifyCenter - [NotifyCenter] Destruction of the end
