2025-03-09 16:45:27.947 [main] INFO  com.bgpay.bgai.BgaiApplication - Starting BgaiApplication using Java 21.0.6 with PID 29052 (E:\project\bgai\target\classes started by Administrator in E:\project\bgai)
2025-03-09 16:45:27.948 [main] DEBUG com.bgpay.bgai.BgaiApplication - Running with Spring Boot v3.2.0, Spring v6.1.1
2025-03-09 16:45:27.949 [main] INFO  com.bgpay.bgai.BgaiApplication - The following 1 profile is active: "dev"
2025-03-09 16:45:28.846 [main] INFO  o.s.d.r.c.RepositoryConfigurationDelegate - Multiple Spring Data modules found, entering strict repository configuration mode
2025-03-09 16:45:28.847 [main] INFO  o.s.d.r.c.RepositoryConfigurationDelegate - Bootstrapping Spring Data JPA repositories in DEFAULT mode.
2025-03-09 16:45:28.868 [main] INFO  o.s.d.r.c.RepositoryConfigurationDelegate - Finished Spring Data repository scanning in 14 ms. Found 0 JPA repository interfaces.
2025-03-09 16:45:28.878 [main] INFO  o.s.d.r.c.RepositoryConfigurationDelegate - Multiple Spring Data modules found, entering strict repository configuration mode
2025-03-09 16:45:28.879 [main] INFO  o.s.d.r.c.RepositoryConfigurationDelegate - Bootstrapping Spring Data Redis repositories in DEFAULT mode.
2025-03-09 16:45:28.889 [main] INFO  o.s.d.r.c.RepositoryConfigurationDelegate - Finished Spring Data repository scanning in 3 ms. Found 0 Redis repository interfaces.
2025-03-09 16:45:29.504 [main] WARN  o.s.c.s.PostProcessorRegistrationDelegate$BeanPostProcessorChecker - Bean 'spring.datasource.dynamic-com.baomidou.dynamic.datasource.spring.boot.autoconfigure.DynamicDataSourceProperties' of type [com.baomidou.dynamic.datasource.spring.boot.autoconfigure.DynamicDataSourceProperties] is not eligible for getting processed by all BeanPostProcessors (for example: not eligible for auto-proxying). Is this bean getting eagerly injected into a currently created BeanPostProcessor [meterRegistryPostProcessor]? Check the corresponding BeanPostProcessor declaration and its dependencies.
2025-03-09 16:45:29.512 [main] WARN  o.s.c.s.PostProcessorRegistrationDelegate$BeanPostProcessorChecker - Bean 'com.baomidou.dynamic.datasource.spring.boot.autoconfigure.DynamicDataSourceAutoConfiguration' of type [com.baomidou.dynamic.datasource.spring.boot.autoconfigure.DynamicDataSourceAutoConfiguration$$SpringCGLIB$$0] is not eligible for getting processed by all BeanPostProcessors (for example: not eligible for auto-proxying). Is this bean getting eagerly injected into a currently created BeanPostProcessor [meterRegistryPostProcessor]? Check the corresponding BeanPostProcessor declaration and its dependencies.
2025-03-09 16:45:29.521 [main] WARN  o.s.c.s.PostProcessorRegistrationDelegate$BeanPostProcessorChecker - Bean 'dsProcessor' of type [com.baomidou.dynamic.datasource.processor.jakarta.DsJakartaHeaderProcessor] is not eligible for getting processed by all BeanPostProcessors (for example: not eligible for auto-proxying). Is this bean getting eagerly injected into a currently created BeanPostProcessor [meterRegistryPostProcessor]? Check the corresponding BeanPostProcessor declaration and its dependencies.
2025-03-09 16:45:29.526 [main] WARN  o.s.c.s.PostProcessorRegistrationDelegate$BeanPostProcessorChecker - Bean 'transactionConfig' of type [com.bgpay.bgai.datasource.TransactionConfig$$SpringCGLIB$$0] is not eligible for getting processed by all BeanPostProcessors (for example: not eligible for auto-proxying). Is this bean getting eagerly injected into a currently created BeanPostProcessor [meterRegistryPostProcessor]? Check the corresponding BeanPostProcessor declaration and its dependencies.
2025-03-09 16:45:29.531 [main] WARN  o.s.c.s.PostProcessorRegistrationDelegate$BeanPostProcessorChecker - Bean 'dataSourceConfig' of type [com.bgpay.bgai.datasource.DataSourceConfig$$SpringCGLIB$$0] is not eligible for getting processed by all BeanPostProcessors (for example: not eligible for auto-proxying). Is this bean getting eagerly injected into a currently created BeanPostProcessor [meterRegistryPostProcessor]? Check the corresponding BeanPostProcessor declaration and its dependencies.
2025-03-09 16:45:29.564 [main] WARN  o.s.c.s.PostProcessorRegistrationDelegate$BeanPostProcessorChecker - Bean 'dataSourcePropertiesConfig' of type [com.bgpay.bgai.datasource.DataSourcePropertiesConfig$$SpringCGLIB$$0] is not eligible for getting processed by all BeanPostProcessors (for example: not eligible for auto-proxying). Is this bean getting eagerly injected into a currently created BeanPostProcessor [meterRegistryPostProcessor]? Check the corresponding BeanPostProcessor declaration and its dependencies.
2025-03-09 16:45:29.573 [main] WARN  o.s.c.s.PostProcessorRegistrationDelegate$BeanPostProcessorChecker - Bean 'masterDataSourceProperties' of type [org.springframework.boot.autoconfigure.jdbc.DataSourceProperties] is not eligible for getting processed by all BeanPostProcessors (for example: not eligible for auto-proxying). Is this bean getting eagerly injected into a currently created BeanPostProcessor [meterRegistryPostProcessor]? Check the corresponding BeanPostProcessor declaration and its dependencies.
2025-03-09 16:45:29.602 [main] WARN  o.s.c.s.PostProcessorRegistrationDelegate$BeanPostProcessorChecker - Bean 'masterDataSource' of type [com.alibaba.druid.spring.boot.autoconfigure.DruidDataSourceWrapper] is not eligible for getting processed by all BeanPostProcessors (for example: not eligible for auto-proxying). Is this bean getting eagerly injected into a currently created BeanPostProcessor [meterRegistryPostProcessor]? Check the corresponding BeanPostProcessor declaration and its dependencies.
2025-03-09 16:45:29.690 [main] WARN  o.s.c.s.PostProcessorRegistrationDelegate$BeanPostProcessorChecker - Bean 'dynamicDataSource' of type [com.bgpay.bgai.datasource.DynamicDataSource] is not eligible for getting processed by all BeanPostProcessors (for example: not eligible for auto-proxying). Is this bean getting eagerly injected into a currently created BeanPostProcessor [meterRegistryPostProcessor]? Check the corresponding BeanPostProcessor declaration and its dependencies.
2025-03-09 16:45:29.697 [main] WARN  o.s.c.s.PostProcessorRegistrationDelegate$BeanPostProcessorChecker - Bean 'transactionManager' of type [org.springframework.jdbc.datasource.DataSourceTransactionManager] is not eligible for getting processed by all BeanPostProcessors (for example: not eligible for auto-proxying). Is this bean getting eagerly injected into a currently created BeanPostProcessor [meterRegistryPostProcessor]? Check the corresponding BeanPostProcessor declaration and its dependencies.
2025-03-09 16:45:29.705 [main] WARN  o.s.c.s.PostProcessorRegistrationDelegate$BeanPostProcessorChecker - Bean 'transactionalAopConfig' of type [com.bgpay.bgai.config.TransactionalAopConfig$$SpringCGLIB$$0] is not eligible for getting processed by all BeanPostProcessors (for example: not eligible for auto-proxying). Is this bean getting eagerly injected into a currently created BeanPostProcessor [meterRegistryPostProcessor]? Check the corresponding BeanPostProcessor declaration and its dependencies.
2025-03-09 16:45:29.708 [main] WARN  o.s.c.s.PostProcessorRegistrationDelegate$BeanPostProcessorChecker - Bean 'txAdvice' of type [org.springframework.transaction.interceptor.TransactionInterceptor] is not eligible for getting processed by all BeanPostProcessors (for example: not eligible for auto-proxying). Is this bean getting eagerly injected into a currently created BeanPostProcessor [meterRegistryPostProcessor]? Check the corresponding BeanPostProcessor declaration and its dependencies.
2025-03-09 16:45:29.709 [main] WARN  o.s.c.s.PostProcessorRegistrationDelegate$BeanPostProcessorChecker - Bean 'txAdviceAdvisor' of type [org.springframework.aop.support.DefaultPointcutAdvisor] is not eligible for getting processed by all BeanPostProcessors (for example: not eligible for auto-proxying). Is this bean getting eagerly injected into a currently created BeanPostProcessor [meterRegistryPostProcessor]? Check the corresponding BeanPostProcessor declaration and its dependencies.
2025-03-09 16:45:30.093 [main] INFO  o.s.b.w.e.tomcat.TomcatWebServer - Tomcat initialized with port 8080 (http)
2025-03-09 16:45:30.101 [main] INFO  o.a.coyote.http11.Http11NioProtocol - Initializing ProtocolHandler ["http-nio-8080"]
2025-03-09 16:45:30.102 [main] INFO  o.a.catalina.core.StandardService - Starting service [Tomcat]
2025-03-09 16:45:30.103 [main] INFO  o.a.catalina.core.StandardEngine - Starting Servlet engine: [Apache Tomcat/10.1.16]
2025-03-09 16:45:30.201 [main] INFO  o.a.c.c.C.[Tomcat].[localhost].[/] - Initializing Spring embedded WebApplicationContext
2025-03-09 16:45:30.201 [main] INFO  o.s.b.w.s.c.ServletWebServerApplicationContext - Root WebApplicationContext: initialization completed in 2220 ms
2025-03-09 16:45:30.512 [main] INFO  o.h.jpa.internal.util.LogHelper - HHH000204: Processing PersistenceUnitInfo [name: default]
2025-03-09 16:45:30.557 [main] INFO  org.hibernate.Version - HHH000412: Hibernate ORM core version 6.3.1.Final
2025-03-09 16:45:30.586 [main] INFO  o.h.c.i.RegionFactoryInitiator - HHH000026: Second-level cache disabled
2025-03-09 16:45:30.781 [main] INFO  o.s.o.j.p.SpringPersistenceUnitInfo - No LoadTimeWeaver setup: ignoring JPA class transformer
2025-03-09 16:45:30.836 [main] INFO  c.alibaba.druid.pool.DruidDataSource - {dataSource-1} inited
2025-03-09 16:45:31.048 [main] WARN  org.hibernate.orm.deprecation - HHH90000025: MySQL8Dialect does not need to be specified explicitly using 'hibernate.dialect' (remove the property setting and it will be selected by default)
2025-03-09 16:45:31.050 [main] WARN  org.hibernate.orm.deprecation - HHH90000026: MySQL8Dialect has been deprecated; use org.hibernate.dialect.MySQLDialect instead
2025-03-09 16:45:31.327 [main] INFO  o.h.e.t.j.p.i.JtaPlatformInitiator - HHH000489: No JTA platform available (set 'hibernate.transaction.jta.platform' to enable JTA platform integration)
2025-03-09 16:45:31.332 [main] INFO  o.s.o.j.LocalContainerEntityManagerFactoryBean - Initialized JPA EntityManagerFactory for persistence unit 'default'
2025-03-09 16:45:31.620 [main] DEBUG c.b.b.m.F.selectActiveMimeTypes - ==>  Preparing: SELECT * FROM mime_type_config WHERE enabled = true
2025-03-09 16:45:31.637 [main] DEBUG c.b.b.m.F.selectActiveMimeTypes - ==> Parameters: 
2025-03-09 16:45:31.664 [main] DEBUG c.b.b.m.F.selectActiveMimeTypes - <==      Total: 52
2025-03-09 16:45:31.666 [main] DEBUG c.b.b.m.F.selectAllowedTypes - ==>  Preparing: SELECT mime_type FROM allowed_file_type WHERE enabled = true
2025-03-09 16:45:31.666 [main] DEBUG c.b.b.m.F.selectAllowedTypes - ==> Parameters: 
2025-03-09 16:45:31.677 [main] DEBUG c.b.b.m.F.selectAllowedTypes - <==      Total: 52
2025-03-09 16:45:34.013 [main] INFO  o.s.b.a.e.web.EndpointLinksResolver - Exposing 1 endpoint(s) beneath base path '/actuator'
2025-03-09 16:45:34.102 [main] INFO  o.a.coyote.http11.Http11NioProtocol - Starting ProtocolHandler ["http-nio-8080"]
2025-03-09 16:45:34.119 [main] INFO  o.s.b.w.e.tomcat.TomcatWebServer - Tomcat started on port 8080 (http) with context path ''
2025-03-09 16:45:34.131 [main] INFO  com.bgpay.bgai.BgaiApplication - Started BgaiApplication in 6.638 seconds (process running for 7.406)
2025-03-09 16:45:34.141 [main] DEBUG c.b.b.m.F.selectActiveMimeTypes - ==>  Preparing: SELECT * FROM mime_type_config WHERE enabled = true
2025-03-09 16:45:34.141 [main] DEBUG c.b.b.m.F.selectActiveMimeTypes - ==> Parameters: 
2025-03-09 16:45:34.151 [main] DEBUG c.b.b.m.F.selectActiveMimeTypes - <==      Total: 52
2025-03-09 16:45:34.152 [scheduling-1] DEBUG c.b.b.m.F.selectActiveMimeTypes - ==>  Preparing: SELECT * FROM mime_type_config WHERE enabled = true
2025-03-09 16:45:34.152 [scheduling-1] DEBUG c.b.b.m.F.selectActiveMimeTypes - ==> Parameters: 
2025-03-09 16:45:34.163 [scheduling-1] DEBUG c.b.b.m.F.selectActiveMimeTypes - <==      Total: 52
2025-03-09 16:45:34.163 [main] DEBUG c.b.b.m.F.selectAllowedTypes - ==>  Preparing: SELECT mime_type FROM allowed_file_type WHERE enabled = true
2025-03-09 16:45:34.163 [main] DEBUG c.b.b.m.F.selectAllowedTypes - ==> Parameters: 
2025-03-09 16:45:34.171 [main] DEBUG c.b.b.m.F.selectAllowedTypes - <==      Total: 52
2025-03-09 16:45:34.171 [scheduling-1] DEBUG c.b.b.m.F.selectAllowedTypes - ==>  Preparing: SELECT mime_type FROM allowed_file_type WHERE enabled = true
2025-03-09 16:45:34.172 [scheduling-1] DEBUG c.b.b.m.F.selectAllowedTypes - ==> Parameters: 
2025-03-09 16:45:34.177 [scheduling-1] DEBUG c.b.b.m.F.selectAllowedTypes - <==      Total: 52
2025-03-09 16:45:34.425 [RMI TCP Connection(2)-192.168.86.8] INFO  o.a.c.c.C.[Tomcat].[localhost].[/] - Initializing Spring DispatcherServlet 'dispatcherServlet'
2025-03-09 16:45:34.425 [RMI TCP Connection(2)-192.168.86.8] INFO  o.s.web.servlet.DispatcherServlet - Initializing Servlet 'dispatcherServlet'
2025-03-09 16:45:34.427 [RMI TCP Connection(2)-192.168.86.8] INFO  o.s.web.servlet.DispatcherServlet - Completed initialization in 2 ms
2025-03-09 16:47:03.375 [SpringApplicationShutdownHook] INFO  o.s.o.j.LocalContainerEntityManagerFactoryBean - Closing JPA EntityManagerFactory for persistence unit 'default'
2025-03-09 16:47:03.378 [SpringApplicationShutdownHook] INFO  c.alibaba.druid.pool.DruidDataSource - {dataSource-1} closing ...
2025-03-09 16:47:03.382 [SpringApplicationShutdownHook] INFO  c.alibaba.druid.pool.DruidDataSource - {dataSource-1} closed
2025-03-09 16:55:48.253 [main] INFO  com.bgpay.bgai.BgaiApplication - Starting BgaiApplication using Java 21.0.6 with PID 29268 (E:\project\bgai\target\classes started by Administrator in E:\project\bgai)
2025-03-09 16:55:48.254 [main] DEBUG com.bgpay.bgai.BgaiApplication - Running with Spring Boot v3.2.0, Spring v6.1.1
2025-03-09 16:55:48.254 [main] INFO  com.bgpay.bgai.BgaiApplication - The following 1 profile is active: "dev"
2025-03-09 16:55:49.328 [main] INFO  o.s.d.r.c.RepositoryConfigurationDelegate - Multiple Spring Data modules found, entering strict repository configuration mode
2025-03-09 16:55:49.330 [main] INFO  o.s.d.r.c.RepositoryConfigurationDelegate - Bootstrapping Spring Data JPA repositories in DEFAULT mode.
2025-03-09 16:55:49.351 [main] INFO  o.s.d.r.c.RepositoryConfigurationDelegate - Finished Spring Data repository scanning in 16 ms. Found 0 JPA repository interfaces.
2025-03-09 16:55:49.361 [main] INFO  o.s.d.r.c.RepositoryConfigurationDelegate - Multiple Spring Data modules found, entering strict repository configuration mode
2025-03-09 16:55:49.361 [main] INFO  o.s.d.r.c.RepositoryConfigurationDelegate - Bootstrapping Spring Data Redis repositories in DEFAULT mode.
2025-03-09 16:55:49.373 [main] INFO  o.s.d.r.c.RepositoryConfigurationDelegate - Finished Spring Data repository scanning in 3 ms. Found 0 Redis repository interfaces.
2025-03-09 16:55:50.050 [main] WARN  o.s.c.s.PostProcessorRegistrationDelegate$BeanPostProcessorChecker - Bean 'spring.datasource.dynamic-com.baomidou.dynamic.datasource.spring.boot.autoconfigure.DynamicDataSourceProperties' of type [com.baomidou.dynamic.datasource.spring.boot.autoconfigure.DynamicDataSourceProperties] is not eligible for getting processed by all BeanPostProcessors (for example: not eligible for auto-proxying). Is this bean getting eagerly injected into a currently created BeanPostProcessor [meterRegistryPostProcessor]? Check the corresponding BeanPostProcessor declaration and its dependencies.
2025-03-09 16:55:50.058 [main] WARN  o.s.c.s.PostProcessorRegistrationDelegate$BeanPostProcessorChecker - Bean 'com.baomidou.dynamic.datasource.spring.boot.autoconfigure.DynamicDataSourceAutoConfiguration' of type [com.baomidou.dynamic.datasource.spring.boot.autoconfigure.DynamicDataSourceAutoConfiguration$$SpringCGLIB$$0] is not eligible for getting processed by all BeanPostProcessors (for example: not eligible for auto-proxying). Is this bean getting eagerly injected into a currently created BeanPostProcessor [meterRegistryPostProcessor]? Check the corresponding BeanPostProcessor declaration and its dependencies.
2025-03-09 16:55:50.067 [main] WARN  o.s.c.s.PostProcessorRegistrationDelegate$BeanPostProcessorChecker - Bean 'dsProcessor' of type [com.baomidou.dynamic.datasource.processor.jakarta.DsJakartaHeaderProcessor] is not eligible for getting processed by all BeanPostProcessors (for example: not eligible for auto-proxying). Is this bean getting eagerly injected into a currently created BeanPostProcessor [meterRegistryPostProcessor]? Check the corresponding BeanPostProcessor declaration and its dependencies.
2025-03-09 16:55:50.072 [main] WARN  o.s.c.s.PostProcessorRegistrationDelegate$BeanPostProcessorChecker - Bean 'transactionConfig' of type [com.bgpay.bgai.datasource.TransactionConfig$$SpringCGLIB$$0] is not eligible for getting processed by all BeanPostProcessors (for example: not eligible for auto-proxying). Is this bean getting eagerly injected into a currently created BeanPostProcessor [meterRegistryPostProcessor]? Check the corresponding BeanPostProcessor declaration and its dependencies.
2025-03-09 16:55:50.076 [main] WARN  o.s.c.s.PostProcessorRegistrationDelegate$BeanPostProcessorChecker - Bean 'dataSourceConfig' of type [com.bgpay.bgai.datasource.DataSourceConfig$$SpringCGLIB$$0] is not eligible for getting processed by all BeanPostProcessors (for example: not eligible for auto-proxying). Is this bean getting eagerly injected into a currently created BeanPostProcessor [meterRegistryPostProcessor]? Check the corresponding BeanPostProcessor declaration and its dependencies.
2025-03-09 16:55:50.109 [main] WARN  o.s.c.s.PostProcessorRegistrationDelegate$BeanPostProcessorChecker - Bean 'dataSourcePropertiesConfig' of type [com.bgpay.bgai.datasource.DataSourcePropertiesConfig$$SpringCGLIB$$0] is not eligible for getting processed by all BeanPostProcessors (for example: not eligible for auto-proxying). Is this bean getting eagerly injected into a currently created BeanPostProcessor [meterRegistryPostProcessor]? Check the corresponding BeanPostProcessor declaration and its dependencies.
2025-03-09 16:55:50.121 [main] WARN  o.s.c.s.PostProcessorRegistrationDelegate$BeanPostProcessorChecker - Bean 'masterDataSourceProperties' of type [org.springframework.boot.autoconfigure.jdbc.DataSourceProperties] is not eligible for getting processed by all BeanPostProcessors (for example: not eligible for auto-proxying). Is this bean getting eagerly injected into a currently created BeanPostProcessor [meterRegistryPostProcessor]? Check the corresponding BeanPostProcessor declaration and its dependencies.
2025-03-09 16:55:50.152 [main] WARN  o.s.c.s.PostProcessorRegistrationDelegate$BeanPostProcessorChecker - Bean 'masterDataSource' of type [com.alibaba.druid.spring.boot.autoconfigure.DruidDataSourceWrapper] is not eligible for getting processed by all BeanPostProcessors (for example: not eligible for auto-proxying). Is this bean getting eagerly injected into a currently created BeanPostProcessor [meterRegistryPostProcessor]? Check the corresponding BeanPostProcessor declaration and its dependencies.
2025-03-09 16:55:50.242 [main] WARN  o.s.c.s.PostProcessorRegistrationDelegate$BeanPostProcessorChecker - Bean 'dynamicDataSource' of type [com.bgpay.bgai.datasource.DynamicDataSource] is not eligible for getting processed by all BeanPostProcessors (for example: not eligible for auto-proxying). Is this bean getting eagerly injected into a currently created BeanPostProcessor [meterRegistryPostProcessor]? Check the corresponding BeanPostProcessor declaration and its dependencies.
2025-03-09 16:55:50.250 [main] WARN  o.s.c.s.PostProcessorRegistrationDelegate$BeanPostProcessorChecker - Bean 'transactionManager' of type [org.springframework.jdbc.datasource.DataSourceTransactionManager] is not eligible for getting processed by all BeanPostProcessors (for example: not eligible for auto-proxying). Is this bean getting eagerly injected into a currently created BeanPostProcessor [meterRegistryPostProcessor]? Check the corresponding BeanPostProcessor declaration and its dependencies.
2025-03-09 16:55:50.260 [main] WARN  o.s.c.s.PostProcessorRegistrationDelegate$BeanPostProcessorChecker - Bean 'transactionalAopConfig' of type [com.bgpay.bgai.config.TransactionalAopConfig$$SpringCGLIB$$0] is not eligible for getting processed by all BeanPostProcessors (for example: not eligible for auto-proxying). Is this bean getting eagerly injected into a currently created BeanPostProcessor [meterRegistryPostProcessor]? Check the corresponding BeanPostProcessor declaration and its dependencies.
2025-03-09 16:55:50.264 [main] WARN  o.s.c.s.PostProcessorRegistrationDelegate$BeanPostProcessorChecker - Bean 'txAdvice' of type [org.springframework.transaction.interceptor.TransactionInterceptor] is not eligible for getting processed by all BeanPostProcessors (for example: not eligible for auto-proxying). Is this bean getting eagerly injected into a currently created BeanPostProcessor [meterRegistryPostProcessor]? Check the corresponding BeanPostProcessor declaration and its dependencies.
2025-03-09 16:55:50.265 [main] WARN  o.s.c.s.PostProcessorRegistrationDelegate$BeanPostProcessorChecker - Bean 'txAdviceAdvisor' of type [org.springframework.aop.support.DefaultPointcutAdvisor] is not eligible for getting processed by all BeanPostProcessors (for example: not eligible for auto-proxying). Is this bean getting eagerly injected into a currently created BeanPostProcessor [meterRegistryPostProcessor]? Check the corresponding BeanPostProcessor declaration and its dependencies.
2025-03-09 16:55:50.637 [main] INFO  o.s.b.w.e.tomcat.TomcatWebServer - Tomcat initialized with port 8080 (http)
2025-03-09 16:55:50.645 [main] INFO  o.a.coyote.http11.Http11NioProtocol - Initializing ProtocolHandler ["http-nio-8080"]
2025-03-09 16:55:50.647 [main] INFO  o.a.catalina.core.StandardService - Starting service [Tomcat]
2025-03-09 16:55:50.647 [main] INFO  o.a.catalina.core.StandardEngine - Starting Servlet engine: [Apache Tomcat/10.1.16]
2025-03-09 16:55:50.742 [main] INFO  o.a.c.c.C.[Tomcat].[localhost].[/] - Initializing Spring embedded WebApplicationContext
2025-03-09 16:55:50.743 [main] INFO  o.s.b.w.s.c.ServletWebServerApplicationContext - Root WebApplicationContext: initialization completed in 2452 ms
2025-03-09 16:55:51.062 [main] INFO  o.h.jpa.internal.util.LogHelper - HHH000204: Processing PersistenceUnitInfo [name: default]
2025-03-09 16:55:51.109 [main] INFO  org.hibernate.Version - HHH000412: Hibernate ORM core version 6.3.1.Final
2025-03-09 16:55:51.142 [main] INFO  o.h.c.i.RegionFactoryInitiator - HHH000026: Second-level cache disabled
2025-03-09 16:55:51.347 [main] INFO  o.s.o.j.p.SpringPersistenceUnitInfo - No LoadTimeWeaver setup: ignoring JPA class transformer
2025-03-09 16:55:51.410 [main] INFO  c.alibaba.druid.pool.DruidDataSource - {dataSource-1} inited
2025-03-09 16:55:51.605 [main] WARN  org.hibernate.orm.deprecation - HHH90000025: MySQL8Dialect does not need to be specified explicitly using 'hibernate.dialect' (remove the property setting and it will be selected by default)
2025-03-09 16:55:51.606 [main] WARN  org.hibernate.orm.deprecation - HHH90000026: MySQL8Dialect has been deprecated; use org.hibernate.dialect.MySQLDialect instead
2025-03-09 16:55:51.884 [main] INFO  o.h.e.t.j.p.i.JtaPlatformInitiator - HHH000489: No JTA platform available (set 'hibernate.transaction.jta.platform' to enable JTA platform integration)
2025-03-09 16:55:51.889 [main] INFO  o.s.o.j.LocalContainerEntityManagerFactoryBean - Initialized JPA EntityManagerFactory for persistence unit 'default'
2025-03-09 16:55:52.195 [main] DEBUG c.b.b.m.F.selectActiveMimeTypes - ==>  Preparing: SELECT * FROM mime_type_config WHERE enabled = true
2025-03-09 16:55:52.210 [main] DEBUG c.b.b.m.F.selectActiveMimeTypes - ==> Parameters: 
2025-03-09 16:55:52.235 [main] DEBUG c.b.b.m.F.selectActiveMimeTypes - <==      Total: 52
2025-03-09 16:55:52.238 [main] DEBUG c.b.b.m.F.selectAllowedTypes - ==>  Preparing: SELECT mime_type FROM allowed_file_type WHERE enabled = true
2025-03-09 16:55:52.238 [main] DEBUG c.b.b.m.F.selectAllowedTypes - ==> Parameters: 
2025-03-09 16:55:52.249 [main] DEBUG c.b.b.m.F.selectAllowedTypes - <==      Total: 52
2025-03-09 16:55:54.588 [main] INFO  o.s.b.a.e.web.EndpointLinksResolver - Exposing 1 endpoint(s) beneath base path '/actuator'
2025-03-09 16:55:54.676 [main] INFO  o.a.coyote.http11.Http11NioProtocol - Starting ProtocolHandler ["http-nio-8080"]
2025-03-09 16:55:54.701 [main] INFO  o.s.b.w.e.tomcat.TomcatWebServer - Tomcat started on port 8080 (http) with context path ''
2025-03-09 16:55:54.714 [main] INFO  com.bgpay.bgai.BgaiApplication - Started BgaiApplication in 6.964 seconds (process running for 7.838)
2025-03-09 16:55:54.722 [main] DEBUG c.b.b.m.F.selectActiveMimeTypes - ==>  Preparing: SELECT * FROM mime_type_config WHERE enabled = true
2025-03-09 16:55:54.723 [main] DEBUG c.b.b.m.F.selectActiveMimeTypes - ==> Parameters: 
2025-03-09 16:55:54.733 [main] DEBUG c.b.b.m.F.selectActiveMimeTypes - <==      Total: 52
2025-03-09 16:55:54.734 [scheduling-1] DEBUG c.b.b.m.F.selectActiveMimeTypes - ==>  Preparing: SELECT * FROM mime_type_config WHERE enabled = true
2025-03-09 16:55:54.734 [scheduling-1] DEBUG c.b.b.m.F.selectActiveMimeTypes - ==> Parameters: 
2025-03-09 16:55:54.743 [scheduling-1] DEBUG c.b.b.m.F.selectActiveMimeTypes - <==      Total: 52
2025-03-09 16:55:54.744 [main] DEBUG c.b.b.m.F.selectAllowedTypes - ==>  Preparing: SELECT mime_type FROM allowed_file_type WHERE enabled = true
2025-03-09 16:55:54.744 [main] DEBUG c.b.b.m.F.selectAllowedTypes - ==> Parameters: 
2025-03-09 16:55:54.751 [main] DEBUG c.b.b.m.F.selectAllowedTypes - <==      Total: 52
2025-03-09 16:55:54.752 [scheduling-1] DEBUG c.b.b.m.F.selectAllowedTypes - ==>  Preparing: SELECT mime_type FROM allowed_file_type WHERE enabled = true
2025-03-09 16:55:54.752 [scheduling-1] DEBUG c.b.b.m.F.selectAllowedTypes - ==> Parameters: 
2025-03-09 16:55:54.758 [scheduling-1] DEBUG c.b.b.m.F.selectAllowedTypes - <==      Total: 52
2025-03-09 16:55:55.111 [RMI TCP Connection(3)-192.168.86.8] INFO  o.a.c.c.C.[Tomcat].[localhost].[/] - Initializing Spring DispatcherServlet 'dispatcherServlet'
2025-03-09 16:55:55.111 [RMI TCP Connection(3)-192.168.86.8] INFO  o.s.web.servlet.DispatcherServlet - Initializing Servlet 'dispatcherServlet'
2025-03-09 16:55:55.113 [RMI TCP Connection(3)-192.168.86.8] INFO  o.s.web.servlet.DispatcherServlet - Completed initialization in 2 ms
