2025-05-18 18:05:14.945 [main] WARN  com.alibaba.nacos.client.logging.NacosLogging - Load Logback Configuration of Nacos fail, message: Could not initialize Logback Nacos logging from classpath:nacos-logback.xml
2025-05-18 18:05:14.999 [main] WARN  com.alibaba.nacos.client.logging.NacosLogging - Load Logback Configuration of Nacos fail, message: Could not initialize Logback Nacos logging from classpath:nacos-logback.xml
2025-05-18 18:05:15.216 [main] WARN  com.alibaba.nacos.client.logging.NacosLogging - Load Logback Configuration of Nacos fail, message: Could not initialize Logback Nacos logging from classpath:nacos-logback.xml
2025-05-18 18:05:15.218 [main] INFO  com.alibaba.nacos.client.utils.ParamUtil - [settings] [req-serv] nacos-server port:8848
2025-05-18 18:05:15.218 [main] INFO  com.alibaba.nacos.client.utils.ParamUtil - [settings] [http-client] connect timeout:1000
2025-05-18 18:05:15.219 [main] INFO  com.alibaba.nacos.client.utils.ParamUtil - PER_TASK_CONFIG_SIZE: 3000.0
2025-05-18 18:05:15.249 [main] INFO  c.a.n.p.auth.spi.client.ClientAuthPluginManager - [ClientAuthPluginManager] Load ClientAuthService com.alibaba.nacos.client.auth.impl.NacosClientAuthServiceImpl success.
2025-05-18 18:05:15.249 [main] INFO  c.a.n.p.auth.spi.client.ClientAuthPluginManager - [ClientAuthPluginManager] Load ClientAuthService com.alibaba.nacos.client.auth.ram.RamClientAuthServiceImpl success.
2025-05-18 18:05:15.253 [main] INFO  c.a.n.client.auth.ram.identify.CredentialWatcher - null No credential found
2025-05-18 18:05:15.550 [main] WARN  com.alibaba.nacos.client.logging.NacosLogging - Load Logback Configuration of Nacos fail, message: Could not initialize Logback Nacos logging from classpath:nacos-logback.xml
2025-05-18 18:05:15.589 [main] INFO  c.a.n.client.config.impl.LocalConfigInfoProcessor - LOCAL_SNAPSHOT_PATH:C:\Users\Administrator\nacos\config
2025-05-18 18:05:15.600 [main] INFO  com.alibaba.nacos.common.remote.client - [RpcClientFactory] create a new rpc client of ea479f42-8e67-4716-abc8-df313b2aa395_config-0
2025-05-18 18:05:15.629 [main] INFO  com.alibaba.nacos.common.remote.client - [ea479f42-8e67-4716-abc8-df313b2aa395_config-0] Register server push request handler:com.alibaba.nacos.client.config.impl.ClientWorker$ConfigRpcTransportClient$$Lambda/0x00000273273de2d8
2025-05-18 18:05:15.630 [main] INFO  com.alibaba.nacos.common.remote.client - [ea479f42-8e67-4716-abc8-df313b2aa395_config-0] Register server push request handler:com.alibaba.nacos.client.config.impl.ClientWorker$ConfigRpcTransportClient$$Lambda/0x00000273273de6e8
2025-05-18 18:05:15.630 [main] INFO  com.alibaba.nacos.common.remote.client - [ea479f42-8e67-4716-abc8-df313b2aa395_config-0] Registry connection listener to current client:com.alibaba.nacos.client.config.impl.ClientWorker$ConfigRpcTransportClient$1
2025-05-18 18:05:15.631 [main] INFO  com.alibaba.nacos.common.remote.client - [ea479f42-8e67-4716-abc8-df313b2aa395_config-0] RpcClient init, ServerListFactory = com.alibaba.nacos.client.config.impl.ClientWorker$ConfigRpcTransportClient$2
2025-05-18 18:05:15.667 [main] INFO  com.alibaba.nacos.common.remote.client - [ea479f42-8e67-4716-abc8-df313b2aa395_config-0] Try to connect to server on start up, server: {serverIp = '8.133.246.113', server main port = 8848}
2025-05-18 18:05:15.788 [main] INFO  c.a.nacos.common.remote.client.grpc.GrpcClient - grpc client connection server:8.133.246.113 ip,serverPort:9848,grpcTslConfig:{"sslProvider":"OPENSSL","enableTls":false,"mutualAuthEnable":false,"trustAll":false}
2025-05-18 18:05:16.496 [main] INFO  com.alibaba.nacos.common.remote.client - [ea479f42-8e67-4716-abc8-df313b2aa395_config-0] Success to connect to server [8.133.246.113:8848] on start up, connectionId = 1747562716412_139.227.195.203_43346
2025-05-18 18:05:16.496 [com.alibaba.nacos.client.remote.worker] INFO  com.alibaba.nacos.common.remote.client - [ea479f42-8e67-4716-abc8-df313b2aa395_config-0] Notify connected event to listeners.
2025-05-18 18:05:16.497 [com.alibaba.nacos.client.remote.worker] INFO  com.alibaba.nacos.client.config.impl.ClientWorker - [ea479f42-8e67-4716-abc8-df313b2aa395_config-0] Connected,notify listen context...
2025-05-18 18:05:16.497 [main] INFO  com.alibaba.nacos.common.remote.client - [ea479f42-8e67-4716-abc8-df313b2aa395_config-0] Register server push request handler:com.alibaba.nacos.common.remote.client.RpcClient$ConnectResetRequestHandler
2025-05-18 18:05:16.497 [main] INFO  com.alibaba.nacos.common.remote.client - [ea479f42-8e67-4716-abc8-df313b2aa395_config-0] Register server push request handler:com.alibaba.nacos.common.remote.client.RpcClient$$Lambda/0x0000027327528cd8
2025-05-18 18:05:16.534 [main] INFO  com.alibaba.nacos.client.config.impl.Limiter - limitTime:5.0
2025-05-18 18:05:16.557 [main] WARN  c.a.cloud.nacos.client.NacosPropertySourceBuilder - Ignore the empty nacos configuration and get it based on dataId[common-dev.yaml] & group[DEFAULT_GROUP]
2025-05-18 18:05:16.568 [main] WARN  c.a.cloud.nacos.client.NacosPropertySourceBuilder - Ignore the empty nacos configuration and get it based on dataId[bgtech-ai] & group[DEFAULT_GROUP]
2025-05-18 18:05:16.580 [main] WARN  c.a.cloud.nacos.client.NacosPropertySourceBuilder - Ignore the empty nacos configuration and get it based on dataId[bgtech-ai.yaml] & group[DEFAULT_GROUP]
2025-05-18 18:05:16.593 [main] INFO  com.alibaba.nacos.client.config.utils.JvmUtil - isMultiInstance:false
2025-05-18 18:05:16.603 [main] INFO  o.s.c.b.c.PropertySourceBootstrapConfiguration - Located property source: [BootstrapPropertySource {name='bootstrapProperties-bgtech-ai-dev.yaml,DEFAULT_GROUP'}, BootstrapPropertySource {name='bootstrapProperties-bgtech-ai.yaml,DEFAULT_GROUP'}, BootstrapPropertySource {name='bootstrapProperties-bgtech-ai,DEFAULT_GROUP'}, BootstrapPropertySource {name='bootstrapProperties-common-dev.yaml,DEFAULT_GROUP'}]
