2025-05-18 18:05:14.945 [main] WARN  com.alibaba.nacos.client.logging.NacosLogging - Load Logback Configuration of Nacos fail, message: Could not initialize Logback Nacos logging from classpath:nacos-logback.xml
2025-05-18 18:05:14.999 [main] WARN  com.alibaba.nacos.client.logging.NacosLogging - Load Logback Configuration of Nacos fail, message: Could not initialize Logback Nacos logging from classpath:nacos-logback.xml
2025-05-18 18:05:15.216 [main] WARN  com.alibaba.nacos.client.logging.NacosLogging - Load Logback Configuration of Nacos fail, message: Could not initialize Logback Nacos logging from classpath:nacos-logback.xml
2025-05-18 18:05:15.218 [main] INFO  com.alibaba.nacos.client.utils.ParamUtil - [settings] [req-serv] nacos-server port:8848
2025-05-18 18:05:15.218 [main] INFO  com.alibaba.nacos.client.utils.ParamUtil - [settings] [http-client] connect timeout:1000
2025-05-18 18:05:15.219 [main] INFO  com.alibaba.nacos.client.utils.ParamUtil - PER_TASK_CONFIG_SIZE: 3000.0
2025-05-18 18:05:15.249 [main] INFO  c.a.n.p.auth.spi.client.ClientAuthPluginManager - [ClientAuthPluginManager] Load ClientAuthService com.alibaba.nacos.client.auth.impl.NacosClientAuthServiceImpl success.
2025-05-18 18:05:15.249 [main] INFO  c.a.n.p.auth.spi.client.ClientAuthPluginManager - [ClientAuthPluginManager] Load ClientAuthService com.alibaba.nacos.client.auth.ram.RamClientAuthServiceImpl success.
2025-05-18 18:05:15.253 [main] INFO  c.a.n.client.auth.ram.identify.CredentialWatcher - null No credential found
2025-05-18 18:05:15.550 [main] WARN  com.alibaba.nacos.client.logging.NacosLogging - Load Logback Configuration of Nacos fail, message: Could not initialize Logback Nacos logging from classpath:nacos-logback.xml
2025-05-18 18:05:15.589 [main] INFO  c.a.n.client.config.impl.LocalConfigInfoProcessor - LOCAL_SNAPSHOT_PATH:C:\Users\Administrator\nacos\config
2025-05-18 18:05:15.600 [main] INFO  com.alibaba.nacos.common.remote.client - [RpcClientFactory] create a new rpc client of ea479f42-8e67-4716-abc8-df313b2aa395_config-0
2025-05-18 18:05:15.629 [main] INFO  com.alibaba.nacos.common.remote.client - [ea479f42-8e67-4716-abc8-df313b2aa395_config-0] Register server push request handler:com.alibaba.nacos.client.config.impl.ClientWorker$ConfigRpcTransportClient$$Lambda/0x00000273273de2d8
2025-05-18 18:05:15.630 [main] INFO  com.alibaba.nacos.common.remote.client - [ea479f42-8e67-4716-abc8-df313b2aa395_config-0] Register server push request handler:com.alibaba.nacos.client.config.impl.ClientWorker$ConfigRpcTransportClient$$Lambda/0x00000273273de6e8
2025-05-18 18:05:15.630 [main] INFO  com.alibaba.nacos.common.remote.client - [ea479f42-8e67-4716-abc8-df313b2aa395_config-0] Registry connection listener to current client:com.alibaba.nacos.client.config.impl.ClientWorker$ConfigRpcTransportClient$1
2025-05-18 18:05:15.631 [main] INFO  com.alibaba.nacos.common.remote.client - [ea479f42-8e67-4716-abc8-df313b2aa395_config-0] RpcClient init, ServerListFactory = com.alibaba.nacos.client.config.impl.ClientWorker$ConfigRpcTransportClient$2
2025-05-18 18:05:15.667 [main] INFO  com.alibaba.nacos.common.remote.client - [ea479f42-8e67-4716-abc8-df313b2aa395_config-0] Try to connect to server on start up, server: {serverIp = '8.133.246.113', server main port = 8848}
2025-05-18 18:05:15.788 [main] INFO  c.a.nacos.common.remote.client.grpc.GrpcClient - grpc client connection server:8.133.246.113 ip,serverPort:9848,grpcTslConfig:{"sslProvider":"OPENSSL","enableTls":false,"mutualAuthEnable":false,"trustAll":false}
2025-05-18 18:05:16.496 [main] INFO  com.alibaba.nacos.common.remote.client - [ea479f42-8e67-4716-abc8-df313b2aa395_config-0] Success to connect to server [8.133.246.113:8848] on start up, connectionId = 1747562716412_139.227.195.203_43346
2025-05-18 18:05:16.496 [com.alibaba.nacos.client.remote.worker] INFO  com.alibaba.nacos.common.remote.client - [ea479f42-8e67-4716-abc8-df313b2aa395_config-0] Notify connected event to listeners.
2025-05-18 18:05:16.497 [com.alibaba.nacos.client.remote.worker] INFO  com.alibaba.nacos.client.config.impl.ClientWorker - [ea479f42-8e67-4716-abc8-df313b2aa395_config-0] Connected,notify listen context...
2025-05-18 18:05:16.497 [main] INFO  com.alibaba.nacos.common.remote.client - [ea479f42-8e67-4716-abc8-df313b2aa395_config-0] Register server push request handler:com.alibaba.nacos.common.remote.client.RpcClient$ConnectResetRequestHandler
2025-05-18 18:05:16.497 [main] INFO  com.alibaba.nacos.common.remote.client - [ea479f42-8e67-4716-abc8-df313b2aa395_config-0] Register server push request handler:com.alibaba.nacos.common.remote.client.RpcClient$$Lambda/0x0000027327528cd8
2025-05-18 18:05:16.534 [main] INFO  com.alibaba.nacos.client.config.impl.Limiter - limitTime:5.0
2025-05-18 18:05:16.557 [main] WARN  c.a.cloud.nacos.client.NacosPropertySourceBuilder - Ignore the empty nacos configuration and get it based on dataId[common-dev.yaml] & group[DEFAULT_GROUP]
2025-05-18 18:05:16.568 [main] WARN  c.a.cloud.nacos.client.NacosPropertySourceBuilder - Ignore the empty nacos configuration and get it based on dataId[bgtech-ai] & group[DEFAULT_GROUP]
2025-05-18 18:05:16.580 [main] WARN  c.a.cloud.nacos.client.NacosPropertySourceBuilder - Ignore the empty nacos configuration and get it based on dataId[bgtech-ai.yaml] & group[DEFAULT_GROUP]
2025-05-18 18:05:16.593 [main] INFO  com.alibaba.nacos.client.config.utils.JvmUtil - isMultiInstance:false
2025-05-18 18:05:16.603 [main] INFO  o.s.c.b.c.PropertySourceBootstrapConfiguration - Located property source: [BootstrapPropertySource {name='bootstrapProperties-bgtech-ai-dev.yaml,DEFAULT_GROUP'}, BootstrapPropertySource {name='bootstrapProperties-bgtech-ai.yaml,DEFAULT_GROUP'}, BootstrapPropertySource {name='bootstrapProperties-bgtech-ai,DEFAULT_GROUP'}, BootstrapPropertySource {name='bootstrapProperties-common-dev.yaml,DEFAULT_GROUP'}]
2025-05-18 22:59:22.661 [main] WARN  com.alibaba.nacos.client.logging.NacosLogging - Load Logback Configuration of Nacos fail, message: Could not initialize Logback Nacos logging from classpath:nacos-logback.xml
2025-05-18 22:59:22.733 [main] WARN  com.alibaba.nacos.client.logging.NacosLogging - Load Logback Configuration of Nacos fail, message: Could not initialize Logback Nacos logging from classpath:nacos-logback.xml
2025-05-18 22:59:23.072 [main] WARN  com.alibaba.nacos.client.logging.NacosLogging - Load Logback Configuration of Nacos fail, message: Could not initialize Logback Nacos logging from classpath:nacos-logback.xml
2025-05-18 22:59:23.074 [main] INFO  com.alibaba.nacos.client.utils.ParamUtil - [settings] [req-serv] nacos-server port:8848
2025-05-18 22:59:23.074 [main] INFO  com.alibaba.nacos.client.utils.ParamUtil - [settings] [http-client] connect timeout:1000
2025-05-18 22:59:23.076 [main] INFO  com.alibaba.nacos.client.utils.ParamUtil - PER_TASK_CONFIG_SIZE: 3000.0
2025-05-18 22:59:23.110 [main] INFO  c.a.n.p.auth.spi.client.ClientAuthPluginManager - [ClientAuthPluginManager] Load ClientAuthService com.alibaba.nacos.client.auth.impl.NacosClientAuthServiceImpl success.
2025-05-18 22:59:23.110 [main] INFO  c.a.n.p.auth.spi.client.ClientAuthPluginManager - [ClientAuthPluginManager] Load ClientAuthService com.alibaba.nacos.client.auth.ram.RamClientAuthServiceImpl success.
2025-05-18 22:59:23.115 [main] INFO  c.a.n.client.auth.ram.identify.CredentialWatcher - null No credential found
2025-05-18 22:59:23.419 [main] WARN  com.alibaba.nacos.client.logging.NacosLogging - Load Logback Configuration of Nacos fail, message: Could not initialize Logback Nacos logging from classpath:nacos-logback.xml
2025-05-18 22:59:23.440 [main] INFO  c.a.n.client.config.impl.LocalConfigInfoProcessor - LOCAL_SNAPSHOT_PATH:C:\Users\Administrator\nacos\config
2025-05-18 22:59:23.445 [main] INFO  com.alibaba.nacos.common.remote.client - [RpcClientFactory] create a new rpc client of a4af3315-5f20-434a-a75f-31fd6ea86544_config-0
2025-05-18 22:59:23.465 [main] INFO  com.alibaba.nacos.common.remote.client - [a4af3315-5f20-434a-a75f-31fd6ea86544_config-0] Register server push request handler:com.alibaba.nacos.client.config.impl.ClientWorker$ConfigRpcTransportClient$$Lambda/0x000002474e3da8f0
2025-05-18 22:59:23.466 [main] INFO  com.alibaba.nacos.common.remote.client - [a4af3315-5f20-434a-a75f-31fd6ea86544_config-0] Register server push request handler:com.alibaba.nacos.client.config.impl.ClientWorker$ConfigRpcTransportClient$$Lambda/0x000002474e3dad00
2025-05-18 22:59:23.466 [main] INFO  com.alibaba.nacos.common.remote.client - [a4af3315-5f20-434a-a75f-31fd6ea86544_config-0] Registry connection listener to current client:com.alibaba.nacos.client.config.impl.ClientWorker$ConfigRpcTransportClient$1
2025-05-18 22:59:23.467 [main] INFO  com.alibaba.nacos.common.remote.client - [a4af3315-5f20-434a-a75f-31fd6ea86544_config-0] RpcClient init, ServerListFactory = com.alibaba.nacos.client.config.impl.ClientWorker$ConfigRpcTransportClient$2
2025-05-18 22:59:23.476 [main] INFO  com.alibaba.nacos.common.remote.client - [a4af3315-5f20-434a-a75f-31fd6ea86544_config-0] Try to connect to server on start up, server: {serverIp = '8.133.246.113', server main port = 8848}
2025-05-18 22:59:23.522 [main] INFO  c.a.nacos.common.remote.client.grpc.GrpcClient - grpc client connection server:8.133.246.113 ip,serverPort:9848,grpcTslConfig:{"sslProvider":"OPENSSL","enableTls":false,"mutualAuthEnable":false,"trustAll":false}
2025-05-18 22:59:24.410 [main] INFO  com.alibaba.nacos.common.remote.client - [a4af3315-5f20-434a-a75f-31fd6ea86544_config-0] Success to connect to server [8.133.246.113:8848] on start up, connectionId = 1747580364256_139.227.195.203_43171
2025-05-18 22:59:24.411 [com.alibaba.nacos.client.remote.worker] INFO  com.alibaba.nacos.common.remote.client - [a4af3315-5f20-434a-a75f-31fd6ea86544_config-0] Notify connected event to listeners.
2025-05-18 22:59:24.412 [com.alibaba.nacos.client.remote.worker] INFO  com.alibaba.nacos.client.config.impl.ClientWorker - [a4af3315-5f20-434a-a75f-31fd6ea86544_config-0] Connected,notify listen context...
2025-05-18 22:59:24.412 [main] INFO  com.alibaba.nacos.common.remote.client - [a4af3315-5f20-434a-a75f-31fd6ea86544_config-0] Register server push request handler:com.alibaba.nacos.common.remote.client.RpcClient$ConnectResetRequestHandler
2025-05-18 22:59:24.412 [main] INFO  com.alibaba.nacos.common.remote.client - [a4af3315-5f20-434a-a75f-31fd6ea86544_config-0] Register server push request handler:com.alibaba.nacos.common.remote.client.RpcClient$$Lambda/0x000002474e540f48
2025-05-18 22:59:24.476 [main] INFO  com.alibaba.nacos.client.config.impl.Limiter - limitTime:5.0
2025-05-18 22:59:24.513 [main] WARN  c.a.cloud.nacos.client.NacosPropertySourceBuilder - Ignore the empty nacos configuration and get it based on dataId[common-dev.yaml] & group[DEFAULT_GROUP]
2025-05-18 22:59:24.527 [main] WARN  c.a.cloud.nacos.client.NacosPropertySourceBuilder - Ignore the empty nacos configuration and get it based on dataId[bgtech-ai] & group[DEFAULT_GROUP]
2025-05-18 22:59:24.539 [main] WARN  c.a.cloud.nacos.client.NacosPropertySourceBuilder - Ignore the empty nacos configuration and get it based on dataId[bgtech-ai.yaml] & group[DEFAULT_GROUP]
2025-05-18 22:59:24.565 [main] INFO  com.alibaba.nacos.client.config.utils.JvmUtil - isMultiInstance:false
2025-05-18 22:59:24.576 [main] INFO  o.s.c.b.c.PropertySourceBootstrapConfiguration - Located property source: [BootstrapPropertySource {name='bootstrapProperties-bgtech-ai-dev.yaml,DEFAULT_GROUP'}, BootstrapPropertySource {name='bootstrapProperties-bgtech-ai.yaml,DEFAULT_GROUP'}, BootstrapPropertySource {name='bootstrapProperties-bgtech-ai,DEFAULT_GROUP'}, BootstrapPropertySource {name='bootstrapProperties-common-dev.yaml,DEFAULT_GROUP'}]
2025-05-18 23:21:56.663 [main] WARN  com.alibaba.nacos.client.logging.NacosLogging - Load Logback Configuration of Nacos fail, message: Could not initialize Logback Nacos logging from classpath:nacos-logback.xml
2025-05-18 23:21:56.716 [main] WARN  com.alibaba.nacos.client.logging.NacosLogging - Load Logback Configuration of Nacos fail, message: Could not initialize Logback Nacos logging from classpath:nacos-logback.xml
2025-05-18 23:21:56.929 [main] WARN  com.alibaba.nacos.client.logging.NacosLogging - Load Logback Configuration of Nacos fail, message: Could not initialize Logback Nacos logging from classpath:nacos-logback.xml
2025-05-18 23:21:56.931 [main] INFO  com.alibaba.nacos.client.utils.ParamUtil - [settings] [req-serv] nacos-server port:8848
2025-05-18 23:21:56.931 [main] INFO  com.alibaba.nacos.client.utils.ParamUtil - [settings] [http-client] connect timeout:1000
2025-05-18 23:21:56.932 [main] INFO  com.alibaba.nacos.client.utils.ParamUtil - PER_TASK_CONFIG_SIZE: 3000.0
2025-05-18 23:21:56.960 [main] INFO  c.a.n.p.auth.spi.client.ClientAuthPluginManager - [ClientAuthPluginManager] Load ClientAuthService com.alibaba.nacos.client.auth.impl.NacosClientAuthServiceImpl success.
2025-05-18 23:21:56.960 [main] INFO  c.a.n.p.auth.spi.client.ClientAuthPluginManager - [ClientAuthPluginManager] Load ClientAuthService com.alibaba.nacos.client.auth.ram.RamClientAuthServiceImpl success.
2025-05-18 23:21:56.963 [main] INFO  c.a.n.client.auth.ram.identify.CredentialWatcher - null No credential found
2025-05-18 23:21:57.202 [main] WARN  com.alibaba.nacos.client.logging.NacosLogging - Load Logback Configuration of Nacos fail, message: Could not initialize Logback Nacos logging from classpath:nacos-logback.xml
2025-05-18 23:21:57.231 [main] INFO  c.a.n.client.config.impl.LocalConfigInfoProcessor - LOCAL_SNAPSHOT_PATH:C:\Users\Administrator\nacos\config
2025-05-18 23:21:57.234 [main] INFO  com.alibaba.nacos.common.remote.client - [RpcClientFactory] create a new rpc client of 7b1119be-7b17-47c0-81e6-2716436797b1_config-0
2025-05-18 23:21:57.253 [main] INFO  com.alibaba.nacos.common.remote.client - [7b1119be-7b17-47c0-81e6-2716436797b1_config-0] Register server push request handler:com.alibaba.nacos.client.config.impl.ClientWorker$ConfigRpcTransportClient$$Lambda/0x000001651a3dd308
2025-05-18 23:21:57.253 [main] INFO  com.alibaba.nacos.common.remote.client - [7b1119be-7b17-47c0-81e6-2716436797b1_config-0] Register server push request handler:com.alibaba.nacos.client.config.impl.ClientWorker$ConfigRpcTransportClient$$Lambda/0x000001651a3dd718
2025-05-18 23:21:57.253 [main] INFO  com.alibaba.nacos.common.remote.client - [7b1119be-7b17-47c0-81e6-2716436797b1_config-0] Registry connection listener to current client:com.alibaba.nacos.client.config.impl.ClientWorker$ConfigRpcTransportClient$1
2025-05-18 23:21:57.254 [main] INFO  com.alibaba.nacos.common.remote.client - [7b1119be-7b17-47c0-81e6-2716436797b1_config-0] RpcClient init, ServerListFactory = com.alibaba.nacos.client.config.impl.ClientWorker$ConfigRpcTransportClient$2
2025-05-18 23:21:57.262 [main] INFO  com.alibaba.nacos.common.remote.client - [7b1119be-7b17-47c0-81e6-2716436797b1_config-0] Try to connect to server on start up, server: {serverIp = '8.133.246.113', server main port = 8848}
2025-05-18 23:21:57.302 [main] INFO  c.a.nacos.common.remote.client.grpc.GrpcClient - grpc client connection server:8.133.246.113 ip,serverPort:9848,grpcTslConfig:{"sslProvider":"OPENSSL","enableTls":false,"mutualAuthEnable":false,"trustAll":false}
2025-05-18 23:21:58.063 [main] INFO  com.alibaba.nacos.common.remote.client - [7b1119be-7b17-47c0-81e6-2716436797b1_config-0] Success to connect to server [8.133.246.113:8848] on start up, connectionId = 1747581717994_139.227.195.203_43506
2025-05-18 23:21:58.063 [com.alibaba.nacos.client.remote.worker] INFO  com.alibaba.nacos.common.remote.client - [7b1119be-7b17-47c0-81e6-2716436797b1_config-0] Notify connected event to listeners.
2025-05-18 23:21:58.064 [com.alibaba.nacos.client.remote.worker] INFO  com.alibaba.nacos.client.config.impl.ClientWorker - [7b1119be-7b17-47c0-81e6-2716436797b1_config-0] Connected,notify listen context...
2025-05-18 23:21:58.064 [main] INFO  com.alibaba.nacos.common.remote.client - [7b1119be-7b17-47c0-81e6-2716436797b1_config-0] Register server push request handler:com.alibaba.nacos.common.remote.client.RpcClient$ConnectResetRequestHandler
2025-05-18 23:21:58.064 [main] INFO  com.alibaba.nacos.common.remote.client - [7b1119be-7b17-47c0-81e6-2716436797b1_config-0] Register server push request handler:com.alibaba.nacos.common.remote.client.RpcClient$$Lambda/0x000001651a525c70
2025-05-18 23:21:58.101 [main] INFO  com.alibaba.nacos.client.config.impl.Limiter - limitTime:5.0
2025-05-18 23:21:58.121 [main] WARN  c.a.cloud.nacos.client.NacosPropertySourceBuilder - Ignore the empty nacos configuration and get it based on dataId[common-dev.yaml] & group[DEFAULT_GROUP]
2025-05-18 23:21:58.133 [main] WARN  c.a.cloud.nacos.client.NacosPropertySourceBuilder - Ignore the empty nacos configuration and get it based on dataId[bgtech-ai] & group[DEFAULT_GROUP]
2025-05-18 23:21:58.142 [main] WARN  c.a.cloud.nacos.client.NacosPropertySourceBuilder - Ignore the empty nacos configuration and get it based on dataId[bgtech-ai.yaml] & group[DEFAULT_GROUP]
2025-05-18 23:21:58.153 [main] INFO  com.alibaba.nacos.client.config.utils.JvmUtil - isMultiInstance:false
2025-05-18 23:21:58.165 [main] INFO  o.s.c.b.c.PropertySourceBootstrapConfiguration - Located property source: [BootstrapPropertySource {name='bootstrapProperties-bgtech-ai-dev.yaml,DEFAULT_GROUP'}, BootstrapPropertySource {name='bootstrapProperties-bgtech-ai.yaml,DEFAULT_GROUP'}, BootstrapPropertySource {name='bootstrapProperties-bgtech-ai,DEFAULT_GROUP'}, BootstrapPropertySource {name='bootstrapProperties-common-dev.yaml,DEFAULT_GROUP'}]
2025-05-18 23:24:20.431 [main] WARN  com.alibaba.nacos.client.logging.NacosLogging - Load Logback Configuration of Nacos fail, message: Could not initialize Logback Nacos logging from classpath:nacos-logback.xml
2025-05-18 23:24:20.489 [main] WARN  com.alibaba.nacos.client.logging.NacosLogging - Load Logback Configuration of Nacos fail, message: Could not initialize Logback Nacos logging from classpath:nacos-logback.xml
2025-05-18 23:24:20.703 [main] WARN  com.alibaba.nacos.client.logging.NacosLogging - Load Logback Configuration of Nacos fail, message: Could not initialize Logback Nacos logging from classpath:nacos-logback.xml
2025-05-18 23:24:20.705 [main] INFO  com.alibaba.nacos.client.utils.ParamUtil - [settings] [req-serv] nacos-server port:8848
2025-05-18 23:24:20.705 [main] INFO  com.alibaba.nacos.client.utils.ParamUtil - [settings] [http-client] connect timeout:1000
2025-05-18 23:24:20.706 [main] INFO  com.alibaba.nacos.client.utils.ParamUtil - PER_TASK_CONFIG_SIZE: 3000.0
2025-05-18 23:24:20.732 [main] INFO  c.a.n.p.auth.spi.client.ClientAuthPluginManager - [ClientAuthPluginManager] Load ClientAuthService com.alibaba.nacos.client.auth.impl.NacosClientAuthServiceImpl success.
2025-05-18 23:24:20.732 [main] INFO  c.a.n.p.auth.spi.client.ClientAuthPluginManager - [ClientAuthPluginManager] Load ClientAuthService com.alibaba.nacos.client.auth.ram.RamClientAuthServiceImpl success.
2025-05-18 23:24:20.735 [main] INFO  c.a.n.client.auth.ram.identify.CredentialWatcher - null No credential found
2025-05-18 23:24:20.980 [main] WARN  com.alibaba.nacos.client.logging.NacosLogging - Load Logback Configuration of Nacos fail, message: Could not initialize Logback Nacos logging from classpath:nacos-logback.xml
2025-05-18 23:24:21.016 [main] INFO  c.a.n.client.config.impl.LocalConfigInfoProcessor - LOCAL_SNAPSHOT_PATH:C:\Users\Administrator\nacos\config
2025-05-18 23:24:21.022 [main] INFO  com.alibaba.nacos.common.remote.client - [RpcClientFactory] create a new rpc client of 9b2ad5d0-6822-4ff0-8bc6-b674e3d750e2_config-0
2025-05-18 23:24:21.048 [main] INFO  com.alibaba.nacos.common.remote.client - [9b2ad5d0-6822-4ff0-8bc6-b674e3d750e2_config-0] Register server push request handler:com.alibaba.nacos.client.config.impl.ClientWorker$ConfigRpcTransportClient$$Lambda/0x000002accf3dec40
2025-05-18 23:24:21.049 [main] INFO  com.alibaba.nacos.common.remote.client - [9b2ad5d0-6822-4ff0-8bc6-b674e3d750e2_config-0] Register server push request handler:com.alibaba.nacos.client.config.impl.ClientWorker$ConfigRpcTransportClient$$Lambda/0x000002accf3df050
2025-05-18 23:24:21.049 [main] INFO  com.alibaba.nacos.common.remote.client - [9b2ad5d0-6822-4ff0-8bc6-b674e3d750e2_config-0] Registry connection listener to current client:com.alibaba.nacos.client.config.impl.ClientWorker$ConfigRpcTransportClient$1
2025-05-18 23:24:21.050 [main] INFO  com.alibaba.nacos.common.remote.client - [9b2ad5d0-6822-4ff0-8bc6-b674e3d750e2_config-0] RpcClient init, ServerListFactory = com.alibaba.nacos.client.config.impl.ClientWorker$ConfigRpcTransportClient$2
2025-05-18 23:24:21.061 [main] INFO  com.alibaba.nacos.common.remote.client - [9b2ad5d0-6822-4ff0-8bc6-b674e3d750e2_config-0] Try to connect to server on start up, server: {serverIp = '8.133.246.113', server main port = 8848}
2025-05-18 23:24:21.122 [main] INFO  c.a.nacos.common.remote.client.grpc.GrpcClient - grpc client connection server:8.133.246.113 ip,serverPort:9848,grpcTslConfig:{"sslProvider":"OPENSSL","enableTls":false,"mutualAuthEnable":false,"trustAll":false}
2025-05-18 23:24:22.030 [main] INFO  com.alibaba.nacos.common.remote.client - [9b2ad5d0-6822-4ff0-8bc6-b674e3d750e2_config-0] Success to connect to server [8.133.246.113:8848] on start up, connectionId = 1747581861975_139.227.195.203_43226
2025-05-18 23:24:22.031 [com.alibaba.nacos.client.remote.worker] INFO  com.alibaba.nacos.common.remote.client - [9b2ad5d0-6822-4ff0-8bc6-b674e3d750e2_config-0] Notify connected event to listeners.
2025-05-18 23:24:22.031 [com.alibaba.nacos.client.remote.worker] INFO  com.alibaba.nacos.client.config.impl.ClientWorker - [9b2ad5d0-6822-4ff0-8bc6-b674e3d750e2_config-0] Connected,notify listen context...
2025-05-18 23:24:22.031 [main] INFO  com.alibaba.nacos.common.remote.client - [9b2ad5d0-6822-4ff0-8bc6-b674e3d750e2_config-0] Register server push request handler:com.alibaba.nacos.common.remote.client.RpcClient$ConnectResetRequestHandler
2025-05-18 23:24:22.032 [main] INFO  com.alibaba.nacos.common.remote.client - [9b2ad5d0-6822-4ff0-8bc6-b674e3d750e2_config-0] Register server push request handler:com.alibaba.nacos.common.remote.client.RpcClient$$Lambda/0x000002accf5276a0
2025-05-18 23:24:22.082 [main] INFO  com.alibaba.nacos.client.config.impl.Limiter - limitTime:5.0
2025-05-18 23:24:22.105 [main] WARN  c.a.cloud.nacos.client.NacosPropertySourceBuilder - Ignore the empty nacos configuration and get it based on dataId[common-dev.yaml] & group[DEFAULT_GROUP]
2025-05-18 23:24:22.116 [main] WARN  c.a.cloud.nacos.client.NacosPropertySourceBuilder - Ignore the empty nacos configuration and get it based on dataId[bgtech-ai] & group[DEFAULT_GROUP]
2025-05-18 23:24:22.125 [main] WARN  c.a.cloud.nacos.client.NacosPropertySourceBuilder - Ignore the empty nacos configuration and get it based on dataId[bgtech-ai.yaml] & group[DEFAULT_GROUP]
2025-05-18 23:24:22.135 [main] INFO  com.alibaba.nacos.client.config.utils.JvmUtil - isMultiInstance:false
2025-05-18 23:24:22.145 [main] INFO  o.s.c.b.c.PropertySourceBootstrapConfiguration - Located property source: [BootstrapPropertySource {name='bootstrapProperties-bgtech-ai-dev.yaml,DEFAULT_GROUP'}, BootstrapPropertySource {name='bootstrapProperties-bgtech-ai.yaml,DEFAULT_GROUP'}, BootstrapPropertySource {name='bootstrapProperties-bgtech-ai,DEFAULT_GROUP'}, BootstrapPropertySource {name='bootstrapProperties-common-dev.yaml,DEFAULT_GROUP'}]
2025-05-18 23:33:48.192 [main] WARN  com.alibaba.nacos.client.logging.NacosLogging - Load Logback Configuration of Nacos fail, message: Could not initialize Logback Nacos logging from classpath:nacos-logback.xml
2025-05-18 23:33:48.252 [main] WARN  com.alibaba.nacos.client.logging.NacosLogging - Load Logback Configuration of Nacos fail, message: Could not initialize Logback Nacos logging from classpath:nacos-logback.xml
2025-05-18 23:33:48.527 [main] WARN  com.alibaba.nacos.client.logging.NacosLogging - Load Logback Configuration of Nacos fail, message: Could not initialize Logback Nacos logging from classpath:nacos-logback.xml
2025-05-18 23:33:48.529 [main] INFO  com.alibaba.nacos.client.utils.ParamUtil - [settings] [req-serv] nacos-server port:8848
2025-05-18 23:33:48.529 [main] INFO  com.alibaba.nacos.client.utils.ParamUtil - [settings] [http-client] connect timeout:1000
2025-05-18 23:33:48.530 [main] INFO  com.alibaba.nacos.client.utils.ParamUtil - PER_TASK_CONFIG_SIZE: 3000.0
2025-05-18 23:33:48.575 [main] INFO  c.a.n.p.auth.spi.client.ClientAuthPluginManager - [ClientAuthPluginManager] Load ClientAuthService com.alibaba.nacos.client.auth.impl.NacosClientAuthServiceImpl success.
2025-05-18 23:33:48.575 [main] INFO  c.a.n.p.auth.spi.client.ClientAuthPluginManager - [ClientAuthPluginManager] Load ClientAuthService com.alibaba.nacos.client.auth.ram.RamClientAuthServiceImpl success.
2025-05-18 23:33:48.580 [main] INFO  c.a.n.client.auth.ram.identify.CredentialWatcher - null No credential found
2025-05-18 23:33:48.961 [main] WARN  com.alibaba.nacos.client.logging.NacosLogging - Load Logback Configuration of Nacos fail, message: Could not initialize Logback Nacos logging from classpath:nacos-logback.xml
2025-05-18 23:33:49.004 [main] INFO  c.a.n.client.config.impl.LocalConfigInfoProcessor - LOCAL_SNAPSHOT_PATH:C:\Users\Administrator\nacos\config
2025-05-18 23:33:49.009 [main] INFO  com.alibaba.nacos.common.remote.client - [RpcClientFactory] create a new rpc client of c2a0e25d-7fef-449d-b890-491c2f24503d_config-0
2025-05-18 23:33:49.030 [main] INFO  com.alibaba.nacos.common.remote.client - [c2a0e25d-7fef-449d-b890-491c2f24503d_config-0] Register server push request handler:com.alibaba.nacos.client.config.impl.ClientWorker$ConfigRpcTransportClient$$Lambda/0x0000029d563df0e8
2025-05-18 23:33:49.031 [main] INFO  com.alibaba.nacos.common.remote.client - [c2a0e25d-7fef-449d-b890-491c2f24503d_config-0] Register server push request handler:com.alibaba.nacos.client.config.impl.ClientWorker$ConfigRpcTransportClient$$Lambda/0x0000029d563df4f8
2025-05-18 23:33:49.031 [main] INFO  com.alibaba.nacos.common.remote.client - [c2a0e25d-7fef-449d-b890-491c2f24503d_config-0] Registry connection listener to current client:com.alibaba.nacos.client.config.impl.ClientWorker$ConfigRpcTransportClient$1
2025-05-18 23:33:49.032 [main] INFO  com.alibaba.nacos.common.remote.client - [c2a0e25d-7fef-449d-b890-491c2f24503d_config-0] RpcClient init, ServerListFactory = com.alibaba.nacos.client.config.impl.ClientWorker$ConfigRpcTransportClient$2
2025-05-18 23:33:49.040 [main] INFO  com.alibaba.nacos.common.remote.client - [c2a0e25d-7fef-449d-b890-491c2f24503d_config-0] Try to connect to server on start up, server: {serverIp = '8.133.246.113', server main port = 8848}
2025-05-18 23:33:49.088 [main] INFO  c.a.nacos.common.remote.client.grpc.GrpcClient - grpc client connection server:8.133.246.113 ip,serverPort:9848,grpcTslConfig:{"sslProvider":"OPENSSL","enableTls":false,"mutualAuthEnable":false,"trustAll":false}
2025-05-18 23:33:49.904 [main] INFO  com.alibaba.nacos.common.remote.client - [c2a0e25d-7fef-449d-b890-491c2f24503d_config-0] Success to connect to server [8.133.246.113:8848] on start up, connectionId = 1747582429781_139.227.195.203_43551
2025-05-18 23:33:49.905 [com.alibaba.nacos.client.remote.worker] INFO  com.alibaba.nacos.common.remote.client - [c2a0e25d-7fef-449d-b890-491c2f24503d_config-0] Notify connected event to listeners.
2025-05-18 23:33:49.905 [com.alibaba.nacos.client.remote.worker] INFO  com.alibaba.nacos.client.config.impl.ClientWorker - [c2a0e25d-7fef-449d-b890-491c2f24503d_config-0] Connected,notify listen context...
2025-05-18 23:33:49.905 [main] INFO  com.alibaba.nacos.common.remote.client - [c2a0e25d-7fef-449d-b890-491c2f24503d_config-0] Register server push request handler:com.alibaba.nacos.common.remote.client.RpcClient$ConnectResetRequestHandler
2025-05-18 23:33:49.906 [main] INFO  com.alibaba.nacos.common.remote.client - [c2a0e25d-7fef-449d-b890-491c2f24503d_config-0] Register server push request handler:com.alibaba.nacos.common.remote.client.RpcClient$$Lambda/0x0000029d56527698
2025-05-18 23:33:49.945 [main] INFO  com.alibaba.nacos.client.config.impl.Limiter - limitTime:5.0
2025-05-18 23:33:49.974 [main] WARN  c.a.cloud.nacos.client.NacosPropertySourceBuilder - Ignore the empty nacos configuration and get it based on dataId[common-dev.yaml] & group[DEFAULT_GROUP]
2025-05-18 23:33:49.991 [main] WARN  c.a.cloud.nacos.client.NacosPropertySourceBuilder - Ignore the empty nacos configuration and get it based on dataId[bgtech-ai] & group[DEFAULT_GROUP]
2025-05-18 23:33:50.003 [main] WARN  c.a.cloud.nacos.client.NacosPropertySourceBuilder - Ignore the empty nacos configuration and get it based on dataId[bgtech-ai.yaml] & group[DEFAULT_GROUP]
2025-05-18 23:33:50.021 [main] INFO  com.alibaba.nacos.client.config.utils.JvmUtil - isMultiInstance:false
2025-05-18 23:33:50.035 [main] INFO  o.s.c.b.c.PropertySourceBootstrapConfiguration - Located property source: [BootstrapPropertySource {name='bootstrapProperties-bgtech-ai-dev.yaml,DEFAULT_GROUP'}, BootstrapPropertySource {name='bootstrapProperties-bgtech-ai.yaml,DEFAULT_GROUP'}, BootstrapPropertySource {name='bootstrapProperties-bgtech-ai,DEFAULT_GROUP'}, BootstrapPropertySource {name='bootstrapProperties-common-dev.yaml,DEFAULT_GROUP'}]
